# JRE version: Java(TM) SE Runtime Environment 18.9 (11.0.20+9) (build 11.0.20+9-LTS-256)
# Java VM: Java HotSpot(TM) 64-Bit Server VM 18.9 (11.0.20+9-LTS-256, mixed mode, tiered, compressed oops, g1 gc, windows-amd64)
Heap:
 garbage-first heap   total 76800K, used 30525K [0x0000000080000000, 0x0000000100000000)
  region size 1024K, 14 young (14336K), 3 survivors (3072K)
 Metaspace       used 25702K, capacity 26337K, committed 26544K, reserved 540672K
  class space    used 3290K, capacity 3519K, committed 3584K, reserved 516096K
GC Heap History (10 events):
Event: 39.147 GC heap before
{Heap before GC invocations=4 (full 0):
 garbage-first heap   total 63488K, used 33918K [0x0000000080000000, 0x0000000100000000)
  region size 1024K, 24 young (24576K), 3 survivors (3072K)
 Metaspace       used 13484K, capacity 13824K, committed 13952K, reserved 528384K
  class space    used 1495K, capacity 1590K, committed 1664K, reserved 516096K
}
Event: 39.321 GC heap after
{Heap after GC invocations=5 (full 0):
 garbage-first heap   total 63488K, used 16356K [0x0000000080000000, 0x0000000100000000)
  region size 1024K, 3 young (3072K), 3 survivors (3072K)
 Metaspace       used 13484K, capacity 13824K, committed 13952K, reserved 528384K
  class space    used 1495K, capacity 1590K, committed 1664K, reserved 516096K
}
Event: 53.423 GC heap before
{Heap before GC invocations=5 (full 0):
 garbage-first heap   total 63488K, used 36836K [0x0000000080000000, 0x0000000100000000)
  region size 1024K, 24 young (24576K), 3 survivors (3072K)
 Metaspace       used 19039K, capacity 19481K, committed 19584K, reserved 534528K
  class space    used 2223K, capacity 2350K, committed 2432K, reserved 516096K
}
Event: 53.529 GC heap after
{Heap after GC invocations=6 (full 0):
 garbage-first heap   total 76800K, used 18126K [0x0000000080000000, 0x0000000100000000)
  region size 1024K, 2 young (2048K), 2 survivors (2048K)
 Metaspace       used 19039K, capacity 19481K, committed 19584K, reserved 534528K
  class space    used 2223K, capacity 2350K, committed 2432K, reserved 516096K
}
Event: 55.891 GC heap before
{Heap before GC invocations=6 (full 0):
 garbage-first heap   total 76800K, used 33486K [0x0000000080000000, 0x0000000100000000)
  region size 1024K, 18 young (18432K), 2 survivors (2048K)
 Metaspace       used 20767K, capacity 21216K, committed 21296K, reserved 536576K
  class space    used 2501K, capacity 2681K, committed 2688K, reserved 516096K
}
Event: 56.054 GC heap after
{Heap after GC invocations=7 (full 0):
 garbage-first heap   total 76800K, used 18667K [0x0000000080000000, 0x0000000100000000)
  region size 1024K, 1 young (1024K), 1 survivors (1024K)
 Metaspace       used 20767K, capacity 21216K, committed 21296K, reserved 536576K
  class space    used 2501K, capacity 2681K, committed 2688K, reserved 516096K
}
Event: 61.798 GC heap before
{Heap before GC invocations=8 (full 0):
 garbage-first heap   total 76800K, used 38123K [0x0000000080000000, 0x0000000100000000)
  region size 1024K, 21 young (21504K), 1 survivors (1024K)
 Metaspace       used 23352K, capacity 24023K, committed 24368K, reserved 538624K
  class space    used 2894K, capacity 3110K, committed 3200K, reserved 516096K
}
Event: 61.868 GC heap after
{Heap after GC invocations=9 (full 0):
 garbage-first heap   total 76800K, used 19389K [0x0000000080000000, 0x0000000100000000)
  region size 1024K, 2 young (2048K), 2 survivors (2048K)
 Metaspace       used 23352K, capacity 24023K, committed 24368K, reserved 538624K
  class space    used 2894K, capacity 3110K, committed 3200K, reserved 516096K
}
Event: 65.402 GC heap before
{Heap before GC invocations=9 (full 0):
 garbage-first heap   total 76800K, used 40893K [0x0000000080000000, 0x0000000100000000)
  region size 1024K, 24 young (24576K), 2 survivors (2048K)
 Metaspace       used 24730K, capacity 25426K, committed 25648K, reserved 538624K
  class space    used 3131K, capacity 3385K, committed 3456K, reserved 516096K
}
Event: 65.471 GC heap after
{Heap after GC invocations=10 (full 0):
 garbage-first heap   total 76800K, used 20285K [0x0000000080000000, 0x0000000100000000)
  region size 1024K, 3 young (3072K), 3 survivors (3072K)
 Metaspace       used 24730K, capacity 25426K, committed 25648K, reserved 538624K
  class space    used 3131K, capacity 3385K, committed 3456K, reserved 516096K
}

